<?xml version="1.0" encoding="UTF-8"?>
<coverage generated="1773334587496" clover="3.2.0">
  <project timestamp="1773334587496" name="All files">
    <metrics statements="201" coveredstatements="136" conditionals="222" coveredconditionals="118" methods="29" coveredmethods="25" elements="452" coveredelements="279" complexity="0" loc="201" ncloc="201" packages="3" files="5" classes="5"/>
    <package name="lib">
      <metrics statements="3" coveredstatements="3" conditionals="0" coveredconditionals="0" methods="0" coveredmethods="0"/>
      <file name="env.ts" path="/home/julien/Desktop/Free-Wiggum-opencode/projects/portfolio-website/lib/env.ts">
        <metrics statements="3" coveredstatements="3" conditionals="0" coveredconditionals="0" methods="0" coveredmethods="0"/>
        <line num="1" count="2" type="stmt"/>
        <line num="3" count="2" type="stmt"/>
        <line num="19" count="2" type="stmt"/>
      </file>
    </package>
    <package name="lib.api">
      <metrics statements="96" coveredstatements="36" conditionals="156" coveredconditionals="63" methods="13" coveredmethods="9"/>
      <file name="linkedin.ts" path="/home/julien/Desktop/Free-Wiggum-opencode/projects/portfolio-website/lib/api/linkedin.ts">
        <metrics statements="46" coveredstatements="14" conditionals="97" coveredconditionals="41" methods="5" coveredmethods="3"/>
        <line num="1" count="1" type="stmt"/>
        <line num="2" count="1" type="stmt"/>
        <line num="3" count="1" type="stmt"/>
        <line num="43" count="1" type="stmt"/>
        <line num="63" count="1" type="stmt"/>
        <line num="65" count="3" type="cond" truecount="2" falsecount="2"/>
        <line num="66" count="3" type="stmt"/>
        <line num="73" count="0" type="cond" truecount="0" falsecount="2"/>
        <line num="74" count="0" type="stmt"/>
        <line num="81" count="0" type="stmt"/>
        <line num="83" count="0" type="stmt"/>
        <line num="86" count="0" type="stmt"/>
        <line num="90" count="0" type="stmt"/>
        <line num="92" count="0" type="cond" truecount="0" falsecount="4"/>
        <line num="93" count="0" type="stmt"/>
        <line num="101" count="0" type="stmt"/>
        <line num="110" count="0" type="stmt"/>
        <line num="111" count="0" type="stmt"/>
        <line num="115" count="0" type="stmt"/>
        <line num="118" count="0" type="stmt"/>
        <line num="130" count="0" type="stmt"/>
        <line num="135" count="0" type="stmt"/>
        <line num="137" count="0" type="stmt"/>
        <line num="138" count="0" type="cond" truecount="0" falsecount="2"/>
        <line num="139" count="0" type="stmt"/>
        <line num="140" count="0" type="cond" truecount="0" falsecount="5"/>
        <line num="141" count="0" type="stmt"/>
        <line num="142" count="0" type="cond" truecount="0" falsecount="6"/>
        <line num="145" count="0" type="stmt"/>
        <line num="157" count="0" type="cond" truecount="0" falsecount="2"/>
        <line num="158" count="0" type="cond" truecount="0" falsecount="2"/>
        <line num="159" count="0" type="cond" truecount="0" falsecount="2"/>
        <line num="160" count="0" type="stmt"/>
        <line num="161" count="0" type="cond" truecount="0" falsecount="3"/>
        <line num="168" count="0" type="stmt"/>
        <line num="169" count="0" type="cond" truecount="0" falsecount="2"/>
        <line num="170" count="0" type="cond" truecount="0" falsecount="4"/>
        <line num="171" count="0" type="cond" truecount="0" falsecount="6"/>
        <line num="172" count="0" type="cond" truecount="0" falsecount="12"/>
        <line num="178" count="1" type="stmt"/>
        <line num="179" count="7" type="stmt"/>
        <line num="181" count="7" type="cond" truecount="10" falsecount="0"/>
        <line num="182" count="10" type="cond" truecount="2" falsecount="0"/>
        <line num="187" count="10" type="stmt"/>
        <line num="190" count="7" type="stmt"/>
        <line num="192" count="7" type="stmt"/>
      </file>
      <file name="twitter.ts" path="/home/julien/Desktop/Free-Wiggum-opencode/projects/portfolio-website/lib/api/twitter.ts">
        <metrics statements="50" coveredstatements="22" conditionals="59" coveredconditionals="22" methods="8" coveredmethods="6"/>
        <line num="1" count="1" type="stmt"/>
        <line num="2" count="1" type="stmt"/>
        <line num="37" count="0" type="cond" truecount="0" falsecount="4"/>
        <line num="38" count="0" type="stmt"/>
        <line num="42" count="0" type="cond" truecount="0" falsecount="4"/>
        <line num="44" count="0" type="stmt"/>
        <line num="52" count="0" type="stmt"/>
        <line num="62" count="1" type="stmt"/>
        <line num="67" count="6" type="cond" truecount="2" falsecount="2"/>
        <line num="68" count="6" type="stmt"/>
        <line num="75" count="0" type="stmt"/>
        <line num="76" count="0" type="stmt"/>
        <line num="77" count="0" type="cond" truecount="0" falsecount="2"/>
        <line num="78" count="0" type="stmt"/>
        <line num="86" count="0" type="stmt"/>
        <line num="89" count="0" type="stmt"/>
        <line num="91" count="0" type="cond" truecount="0" falsecount="2"/>
        <line num="92" count="0" type="stmt"/>
        <line num="100" count="0" type="stmt"/>
        <line num="106" count="0" type="cond" truecount="0" falsecount="2"/>
        <line num="108" count="0" type="stmt"/>
        <line num="117" count="0" type="stmt"/>
        <line num="126" count="0" type="stmt"/>
        <line num="128" count="0" type="stmt"/>
        <line num="129" count="0" type="cond" truecount="0" falsecount="2"/>
        <line num="130" count="0" type="stmt"/>
        <line num="131" count="0" type="cond" truecount="0" falsecount="4"/>
        <line num="132" count="0" type="stmt"/>
        <line num="133" count="0" type="cond" truecount="0" falsecount="2"/>
        <line num="134" count="0" type="stmt"/>
        <line num="135" count="0" type="cond" truecount="0" falsecount="2"/>
        <line num="136" count="0" type="stmt"/>
        <line num="140" count="0" type="stmt"/>
        <line num="151" count="1" type="stmt"/>
        <line num="155" count="9" type="stmt"/>
        <line num="156" count="17" type="stmt"/>
        <line num="163" count="17" type="cond" truecount="2" falsecount="0"/>
        <line num="164" count="16" type="stmt"/>
        <line num="172" count="17" type="cond" truecount="2" falsecount="0"/>
        <line num="173" count="8" type="stmt"/>
        <line num="180" count="9" type="stmt"/>
        <line num="184" count="17" type="cond" truecount="2" falsecount="0"/>
        <line num="185" count="8" type="cond" truecount="3" falsecount="1"/>
        <line num="186" count="8" type="stmt"/>
        <line num="188" count="8" type="cond" truecount="3" falsecount="1"/>
        <line num="189" count="8" type="stmt"/>
        <line num="191" count="8" type="cond" truecount="3" falsecount="1"/>
        <line num="192" count="8" type="stmt"/>
        <line num="199" count="17" type="stmt"/>
        <line num="202" count="9" type="stmt"/>
      </file>
    </package>
    <package name="lib.terminal">
      <metrics statements="102" coveredstatements="97" conditionals="66" coveredconditionals="55" methods="16" coveredmethods="16"/>
      <file name="parser.ts" path="/home/julien/Desktop/Free-Wiggum-opencode/projects/portfolio-website/lib/terminal/parser.ts">
        <metrics statements="34" coveredstatements="33" conditionals="35" coveredconditionals="31" methods="5" coveredmethods="5"/>
        <line num="12" count="1" type="stmt"/>
        <line num="13" count="40" type="stmt"/>
        <line num="16" count="27" type="stmt"/>
        <line num="17" count="27" type="cond" truecount="2" falsecount="0"/>
        <line num="20" count="25" type="stmt"/>
        <line num="21" count="25" type="cond" truecount="4" falsecount="2"/>
        <line num="23" count="25" type="cond" truecount="2" falsecount="0"/>
        <line num="24" count="1" type="stmt"/>
        <line num="27" count="24" type="stmt"/>
        <line num="31" count="36" type="stmt"/>
        <line num="32" count="36" type="stmt"/>
        <line num="33" count="36" type="stmt"/>
        <line num="34" count="36" type="stmt"/>
        <line num="36" count="36" type="stmt"/>
        <line num="37" count="507" type="stmt"/>
        <line num="39" count="507" type="cond" truecount="7" falsecount="0"/>
        <line num="40" count="26" type="cond" truecount="2" falsecount="0"/>
        <line num="41" count="13" type="stmt"/>
        <line num="42" count="13" type="stmt"/>
        <line num="43" count="13" type="cond" truecount="1" falsecount="1"/>
        <line num="44" count="13" type="stmt"/>
        <line num="46" count="0" type="stmt"/>
        <line num="48" count="481" type="cond" truecount="4" falsecount="0"/>
        <line num="49" count="60" type="cond" truecount="2" falsecount="0"/>
        <line num="50" count="41" type="stmt"/>
        <line num="51" count="41" type="stmt"/>
        <line num="54" count="421" type="stmt"/>
        <line num="58" count="36" type="cond" truecount="2" falsecount="0"/>
        <line num="59" count="33" type="stmt"/>
        <line num="62" count="36" type="stmt"/>
        <line num="66" count="3" type="stmt"/>
        <line num="70" count="16" type="cond" truecount="5" falsecount="1"/>
        <line num="71" count="16" type="stmt"/>
        <line num="75" count="1" type="stmt"/>
      </file>
      <file name="trie.ts" path="/home/julien/Desktop/Free-Wiggum-opencode/projects/portfolio-website/lib/terminal/trie.ts">
        <metrics statements="68" coveredstatements="64" conditionals="31" coveredconditionals="24" methods="11" coveredmethods="11"/>
        <line num="6" count="1" type="stmt"/>
        <line num="11" count="542" type="stmt"/>
        <line num="12" count="542" type="stmt"/>
        <line num="16" count="1" type="stmt"/>
        <line num="20" count="21" type="stmt"/>
        <line num="24" count="127" type="stmt"/>
        <line num="25" count="127" type="stmt"/>
        <line num="26" count="800" type="cond" truecount="2" falsecount="0"/>
        <line num="27" count="521" type="stmt"/>
        <line num="29" count="800" type="stmt"/>
        <line num="31" count="127" type="stmt"/>
        <line num="35" count="33" type="stmt"/>
        <line num="36" count="33" type="stmt"/>
        <line num="37" count="184" type="cond" truecount="2" falsecount="0"/>
        <line num="38" count="3" type="stmt"/>
        <line num="40" count="181" type="stmt"/>
        <line num="42" count="30" type="stmt"/>
        <line num="46" count="14" type="stmt"/>
        <line num="47" count="14" type="stmt"/>
        <line num="48" count="23" type="cond" truecount="2" falsecount="0"/>
        <line num="49" count="4" type="stmt"/>
        <line num="51" count="19" type="stmt"/>
        <line num="53" count="10" type="stmt"/>
        <line num="57" count="1" type="stmt"/>
        <line num="59" count="1" type="cond" truecount="1" falsecount="1"/>
        <line num="61" count="1" type="stmt"/>
        <line num="63" count="0" type="stmt"/>
        <line num="64" count="0" type="cond" truecount="0" falsecount="2"/>
        <line num="65" count="0" type="stmt"/>
        <line num="69" count="1" type="stmt"/>
        <line num="73" count="84" type="cond" truecount="2" falsecount="0"/>
        <line num="74" count="20" type="stmt"/>
        <line num="77" count="84" type="stmt"/>
        <line num="78" count="73" type="stmt"/>
        <line num="83" count="14" type="stmt"/>
        <line num="84" count="14" type="stmt"/>
        <line num="85" count="14" type="cond" truecount="2" falsecount="0"/>
        <line num="86" count="4" type="stmt"/>
        <line num="89" count="10" type="stmt"/>
        <line num="90" count="10" type="stmt"/>
        <line num="91" count="10" type="stmt"/>
        <line num="95" count="6" type="cond" truecount="1" falsecount="1"/>
        <line num="97" count="6" type="cond" truecount="1" falsecount="1"/>
        <line num="100" count="6" type="stmt"/>
        <line num="101" count="6" type="stmt"/>
        <line num="102" count="6" type="stmt"/>
        <line num="104" count="6" type="stmt"/>
        <line num="105" count="6" type="cond" truecount="3" falsecount="0"/>
        <line num="106" count="27" type="stmt"/>
        <line num="109" count="6" type="stmt"/>
        <line num="118" count="5" type="stmt"/>
        <line num="120" count="5" type="cond" truecount="2" falsecount="0"/>
        <line num="121" count="1" type="stmt"/>
        <line num="124" count="4" type="cond" truecount="2" falsecount="0"/>
        <line num="126" count="2" type="stmt"/>
        <line num="133" count="2" type="stmt"/>
        <line num="136" count="2" type="cond" truecount="1" falsecount="1"/>
        <line num="137" count="2" type="stmt"/>
        <line num="144" count="0" type="stmt"/>
        <line num="154" count="1" type="stmt"/>
        <line num="158" count="4" type="stmt"/>
        <line num="161" count="4" type="stmt"/>
        <line num="162" count="9" type="stmt"/>
        <line num="166" count="4" type="stmt"/>
        <line num="167" count="6" type="stmt"/>
        <line num="169" count="6" type="cond" truecount="1" falsecount="1"/>
        <line num="170" count="6" type="stmt"/>
        <line num="174" count="4" type="stmt"/>
      </file>
    </package>
  </project>
</coverage>
