{"/home/julien/Desktop/Free-Wiggum-opencode/projects/portfolio-website/lib/env.ts": {"path":"/home/julien/Desktop/Free-Wiggum-opencode/projects/portfolio-website/lib/env.ts","statementMap":{"0":{"start":{"line":1,"column":0},"end":{"line":1,"column":24}},"1":{"start":{"line":3,"column":18},"end":{"line":17,"column":2}},"2":{"start":{"line":19,"column":13},"end":{"line":19,"column":48}}},"fnMap":{},"branchMap":{},"s":{"0":2,"1":2,"2":2},"f":{},"b":{}}
,"/home/julien/Desktop/Free-Wiggum-opencode/projects/portfolio-website/lib/api/linkedin.ts": {"path":"/home/julien/Desktop/Free-Wiggum-opencode/projects/portfolio-website/lib/api/linkedin.ts","statementMap":{"0":{"start":{"line":63,"column":0},"end":{"line":63,"column":7}},"1":{"start":{"line":178,"column":0},"end":{"line":178,"column":16}},"2":{"start":{"line":1,"column":0},"end":{"line":1,"column":26}},"3":{"start":{"line":2,"column":0},"end":{"line":2,"column":39}},"4":{"start":{"line":3,"column":0},"end":{"line":3,"column":32}},"5":{"start":{"line":43,"column":24},"end":{"line":57,"column":2}},"6":{"start":{"line":65,"column":2},"end":{"line":71,"column":3}},"7":{"start":{"line":66,"column":4},"end":{"line":70,"column":6}},"8":{"start":{"line":73,"column":2},"end":{"line":79,"column":3}},"9":{"start":{"line":74,"column":4},"end":{"line":78,"column":6}},"10":{"start":{"line":81,"column":2},"end":{"line":150,"column":3}},"11":{"start":{"line":83,"column":19},"end":{"line":83,"column":49}},"12":{"start":{"line":86,"column":25},"end":{"line":88,"column":6}},"13":{"start":{"line":90,"column":24},"end":{"line":90,"column":65}},"14":{"start":{"line":92,"column":4},"end":{"line":98,"column":5}},"15":{"start":{"line":93,"column":6},"end":{"line":97,"column":8}},"16":{"start":{"line":101,"column":24},"end":{"line":107,"column":6}},"17":{"start":{"line":110,"column":23},"end":{"line":110,"column":139}},"18":{"start":{"line":111,"column":28},"end":{"line":113,"column":6}},"19":{"start":{"line":115,"column":20},"end":{"line":115,"column":40}},"20":{"start":{"line":118,"column":37},"end":{"line":128,"column":6}},"21":{"start":{"line":130,"column":4},"end":{"line":133,"column":6}},"22":{"start":{"line":135,"column":4},"end":{"line":135,"column":48}},"23":{"start":{"line":137,"column":23},"end":{"line":137,"column":57}},"24":{"start":{"line":138,"column":4},"end":{"line":143,"column":5}},"25":{"start":{"line":139,"column":6},"end":{"line":139,"column":35}},"26":{"start":{"line":140,"column":11},"end":{"line":143,"column":5}},"27":{"start":{"line":141,"column":18},"end":{"line":141,"column":63}},"28":{"start":{"line":142,"column":6},"end":{"line":142,"column":60}},"29":{"start":{"line":145,"column":4},"end":{"line":149,"column":6}},"30":{"start":{"line":157,"column":2},"end":{"line":157,"column":27}},"31":{"start":{"line":157,"column":17},"end":{"line":157,"column":27}},"32":{"start":{"line":158,"column":20},"end":{"line":158,"column":73}},"33":{"start":{"line":159,"column":20},"end":{"line":159,"column":128}},"34":{"start":{"line":160,"column":14},"end":{"line":160,"column":58}},"35":{"start":{"line":161,"column":2},"end":{"line":161,"column":61}},"36":{"start":{"line":168,"column":18},"end":{"line":168,"column":79}},"37":{"start":{"line":169,"column":2},"end":{"line":169,"column":33}},"38":{"start":{"line":169,"column":16},"end":{"line":169,"column":33}},"39":{"start":{"line":170,"column":19},"end":{"line":170,"column":163}},"40":{"start":{"line":171,"column":2},"end":{"line":171,"column":42}},"41":{"start":{"line":171,"column":25},"end":{"line":171,"column":42}},"42":{"start":{"line":172,"column":2},"end":{"line":172,"column":69}},"43":{"start":{"line":179,"column":19},"end":{"line":179,"column":68}},"44":{"start":{"line":181,"column":21},"end":{"line":188,"column":32}},"45":{"start":{"line":182,"column":20},"end":{"line":186,"column":54}},"46":{"start":{"line":187,"column":4},"end":{"line":187,"column":57}},"47":{"start":{"line":190,"column":27},"end":{"line":190,"column":29}},"48":{"start":{"line":192,"column":2},"end":{"line":201,"column":4}}},"fnMap":{"0":{"name":"getLinkedInProfile","decl":{"start":{"line":63,"column":22},"end":{"line":63,"column":40}},"loc":{"start":{"line":63,"column":40},"end":{"line":151,"column":1}}},"1":{"name":"getLocalizedName","decl":{"start":{"line":156,"column":9},"end":{"line":156,"column":25}},"loc":{"start":{"line":156,"column":71},"end":{"line":162,"column":1}}},"2":{"name":"getProfilePicture","decl":{"start":{"line":167,"column":9},"end":{"line":167,"column":26}},"loc":{"start":{"line":167,"column":59},"end":{"line":173,"column":1}}},"3":{"name":"formatProfileForDisplay","decl":{"start":{"line":178,"column":16},"end":{"line":178,"column":39}},"loc":{"start":{"line":178,"column":64},"end":{"line":202,"column":1}}},"4":{"name":"(anonymous_5)","decl":{"start":{"line":181,"column":54},"end":{"line":181,"column":57}},"loc":{"start":{"line":181,"column":60},"end":{"line":188,"column":3}}}},"branchMap":{"0":{"loc":{"start":{"line":45,"column":8},"end":{"line":45,"column":36}},"type":"binary-expr","locations":[{"start":{"line":45,"column":8},"end":{"line":45,"column":30}},{"start":{"line":45,"column":34},"end":{"line":45,"column":36}}]},"1":{"loc":{"start":{"line":46,"column":12},"end":{"line":46,"column":44}},"type":"binary-expr","locations":[{"start":{"line":46,"column":12},"end":{"line":46,"column":38}},{"start":{"line":46,"column":42},"end":{"line":46,"column":44}}]},"2":{"loc":{"start":{"line":65,"column":2},"end":{"line":71,"column":3}},"type":"if","locations":[{"start":{"line":65,"column":2},"end":{"line":71,"column":3}},{"start":{},"end":{}}]},"3":{"loc":{"start":{"line":65,"column":6},"end":{"line":65,"column":60}},"type":"binary-expr","locations":[{"start":{"line":65,"column":6},"end":{"line":65,"column":29}},{"start":{"line":65,"column":33},"end":{"line":65,"column":60}}]},"4":{"loc":{"start":{"line":73,"column":2},"end":{"line":79,"column":3}},"type":"if","locations":[{"start":{"line":73,"column":2},"end":{"line":79,"column":3}},{"start":{},"end":{}}]},"5":{"loc":{"start":{"line":92,"column":4},"end":{"line":98,"column":5}},"type":"if","locations":[{"start":{"line":92,"column":4},"end":{"line":98,"column":5}},{"start":{},"end":{}}]},"6":{"loc":{"start":{"line":92,"column":8},"end":{"line":92,"column":42}},"type":"binary-expr","locations":[{"start":{"line":92,"column":8},"end":{"line":92,"column":20}},{"start":{"line":92,"column":24},"end":{"line":92,"column":42}}]},"7":{"loc":{"start":{"line":138,"column":4},"end":{"line":143,"column":5}},"type":"if","locations":[{"start":{"line":138,"column":4},"end":{"line":143,"column":5}},{"start":{"line":140,"column":11},"end":{"line":143,"column":5}}]},"8":{"loc":{"start":{"line":140,"column":11},"end":{"line":143,"column":5}},"type":"if","locations":[{"start":{"line":140,"column":11},"end":{"line":143,"column":5}},{"start":{},"end":{}}]},"9":{"loc":{"start":{"line":140,"column":15},"end":{"line":140,"column":78}},"type":"binary-expr","locations":[{"start":{"line":140,"column":15},"end":{"line":140,"column":40}},{"start":{"line":140,"column":44},"end":{"line":140,"column":58}},{"start":{"line":140,"column":62},"end":{"line":140,"column":78}}]},"10":{"loc":{"start":{"line":142,"column":21},"end":{"line":142,"column":59}},"type":"binary-expr","locations":[{"start":{"line":142,"column":21},"end":{"line":142,"column":43}},{"start":{"line":142,"column":47},"end":{"line":142,"column":59}}]},"11":{"loc":{"start":{"line":142,"column":21},"end":{"line":142,"column":43}},"type":"cond-expr","locations":[{"start":{"line":142,"column":30},"end":{"line":142,"column":32}},{"start":{"line":142,"column":30},"end":{"line":142,"column":43}}]},"12":{"loc":{"start":{"line":142,"column":21},"end":{"line":142,"column":32}},"type":"binary-expr","locations":[{"start":{"line":142,"column":21},"end":{"line":142,"column":32}},{"start":{"line":142,"column":30},"end":{"line":142,"column":32}}]},"13":{"loc":{"start":{"line":157,"column":2},"end":{"line":157,"column":27}},"type":"if","locations":[{"start":{"line":157,"column":2},"end":{"line":157,"column":27}},{"start":{},"end":{}}]},"14":{"loc":{"start":{"line":158,"column":20},"end":{"line":158,"column":73}},"type":"binary-expr","locations":[{"start":{"line":158,"column":20},"end":{"line":158,"column":67}},{"start":{"line":158,"column":71},"end":{"line":158,"column":73}}]},"15":{"loc":{"start":{"line":159,"column":20},"end":{"line":159,"column":128}},"type":"binary-expr","locations":[{"start":{"line":159,"column":20},"end":{"line":159,"column":88}},{"start":{"line":159,"column":92},"end":{"line":159,"column":128}}]},"16":{"loc":{"start":{"line":161,"column":9},"end":{"line":161,"column":60}},"type":"binary-expr","locations":[{"start":{"line":161,"column":9},"end":{"line":161,"column":23}},{"start":{"line":161,"column":27},"end":{"line":161,"column":54}},{"start":{"line":161,"column":58},"end":{"line":161,"column":60}}]},"17":{"loc":{"start":{"line":169,"column":2},"end":{"line":169,"column":33}},"type":"if","locations":[{"start":{"line":169,"column":2},"end":{"line":169,"column":33}},{"start":{},"end":{}}]},"18":{"loc":{"start":{"line":170,"column":19},"end":{"line":170,"column":163}},"type":"cond-expr","locations":[{"start":{"line":170,"column":84},"end":{"line":170,"column":86}},{"start":{"line":170,"column":84},"end":{"line":170,"column":163}}]},"19":{"loc":{"start":{"line":170,"column":19},"end":{"line":170,"column":86}},"type":"binary-expr","locations":[{"start":{"line":170,"column":19},"end":{"line":170,"column":86}},{"start":{"line":170,"column":84},"end":{"line":170,"column":86}}]},"20":{"loc":{"start":{"line":171,"column":2},"end":{"line":171,"column":42}},"type":"if","locations":[{"start":{"line":171,"column":2},"end":{"line":171,"column":42}},{"start":{},"end":{}}]},"21":{"loc":{"start":{"line":171,"column":7},"end":{"line":171,"column":23}},"type":"cond-expr","locations":[{"start":{"line":171,"column":15},"end":{"line":171,"column":17}},{"start":{"line":171,"column":7},"end":{"line":171,"column":23}}]},"22":{"loc":{"start":{"line":171,"column":7},"end":{"line":171,"column":17}},"type":"binary-expr","locations":[{"start":{"line":171,"column":7},"end":{"line":171,"column":17}},{"start":{"line":171,"column":7},"end":{"line":171,"column":17}}]},"23":{"loc":{"start":{"line":172,"column":25},"end":{"line":172,"column":66}},"type":"cond-expr","locations":[{"start":{"line":172,"column":54},"end":{"line":172,"column":56}},{"start":{"line":172,"column":54},"end":{"line":172,"column":66}}]},"24":{"loc":{"start":{"line":172,"column":25},"end":{"line":172,"column":56}},"type":"binary-expr","locations":[{"start":{"line":172,"column":25},"end":{"line":172,"column":56}},{"start":{"line":172,"column":54},"end":{"line":172,"column":56}}]},"25":{"loc":{"start":{"line":172,"column":25},"end":{"line":172,"column":54}},"type":"cond-expr","locations":[{"start":{"line":172,"column":49},"end":{"line":172,"column":52}},{"start":{"line":172,"column":49},"end":{"line":172,"column":54}}]},"26":{"loc":{"start":{"line":172,"column":25},"end":{"line":172,"column":52}},"type":"binary-expr","locations":[{"start":{"line":172,"column":25},"end":{"line":172,"column":52}},{"start":{"line":172,"column":49},"end":{"line":172,"column":52}}]},"27":{"loc":{"start":{"line":172,"column":25},"end":{"line":172,"column":49}},"type":"cond-expr","locations":[{"start":{"line":172,"column":36},"end":{"line":172,"column":38}},{"start":{"line":172,"column":36},"end":{"line":172,"column":49}}]},"28":{"loc":{"start":{"line":172,"column":25},"end":{"line":172,"column":38}},"type":"binary-expr","locations":[{"start":{"line":172,"column":25},"end":{"line":172,"column":38}},{"start":{"line":172,"column":36},"end":{"line":172,"column":38}}]},"29":{"loc":{"start":{"line":181,"column":21},"end":{"line":188,"column":32}},"type":"binary-expr","locations":[{"start":{"line":181,"column":21},"end":{"line":188,"column":4}},{"start":{"line":188,"column":8},"end":{"line":188,"column":32}}]},"30":{"loc":{"start":{"line":181,"column":21},"end":{"line":188,"column":4}},"type":"cond-expr","locations":[{"start":{"line":181,"column":48},"end":{"line":181,"column":50}},{"start":{"line":181,"column":48},"end":{"line":188,"column":4}}]},"31":{"loc":{"start":{"line":181,"column":21},"end":{"line":181,"column":50}},"type":"binary-expr","locations":[{"start":{"line":181,"column":21},"end":{"line":181,"column":50}},{"start":{"line":181,"column":48},"end":{"line":181,"column":50}}]},"32":{"loc":{"start":{"line":181,"column":21},"end":{"line":181,"column":48}},"type":"cond-expr","locations":[{"start":{"line":181,"column":38},"end":{"line":181,"column":40}},{"start":{"line":181,"column":38},"end":{"line":181,"column":48}}]},"33":{"loc":{"start":{"line":181,"column":21},"end":{"line":181,"column":40}},"type":"binary-expr","locations":[{"start":{"line":181,"column":21},"end":{"line":181,"column":40}},{"start":{"line":181,"column":38},"end":{"line":181,"column":40}}]},"34":{"loc":{"start":{"line":182,"column":20},"end":{"line":186,"column":54}},"type":"cond-expr","locations":[{"start":{"line":183,"column":8},"end":{"line":183,"column":64}},{"start":{"line":184,"column":8},"end":{"line":186,"column":54}}]},"35":{"loc":{"start":{"line":184,"column":8},"end":{"line":186,"column":54}},"type":"cond-expr","locations":[{"start":{"line":185,"column":8},"end":{"line":185,"column":97}},{"start":{"line":186,"column":8},"end":{"line":186,"column":54}}]},"36":{"loc":{"start":{"line":194,"column":14},"end":{"line":194,"column":36}},"type":"binary-expr","locations":[{"start":{"line":194,"column":14},"end":{"line":194,"column":30}},{"start":{"line":194,"column":34},"end":{"line":194,"column":36}}]},"37":{"loc":{"start":{"line":195,"column":13},"end":{"line":195,"column":34}},"type":"binary-expr","locations":[{"start":{"line":195,"column":13},"end":{"line":195,"column":28}},{"start":{"line":195,"column":32},"end":{"line":195,"column":34}}]},"38":{"loc":{"start":{"line":196,"column":14},"end":{"line":196,"column":36}},"type":"binary-expr","locations":[{"start":{"line":196,"column":14},"end":{"line":196,"column":30}},{"start":{"line":196,"column":34},"end":{"line":196,"column":36}}]},"39":{"loc":{"start":{"line":197,"column":14},"end":{"line":197,"column":68}},"type":"binary-expr","locations":[{"start":{"line":197,"column":14},"end":{"line":197,"column":36}},{"start":{"line":197,"column":40},"end":{"line":197,"column":62}},{"start":{"line":197,"column":66},"end":{"line":197,"column":68}}]},"40":{"loc":{"start":{"line":197,"column":14},"end":{"line":197,"column":36}},"type":"cond-expr","locations":[{"start":{"line":197,"column":30},"end":{"line":197,"column":32}},{"start":{"line":197,"column":30},"end":{"line":197,"column":36}}]},"41":{"loc":{"start":{"line":197,"column":14},"end":{"line":197,"column":32}},"type":"binary-expr","locations":[{"start":{"line":197,"column":14},"end":{"line":197,"column":32}},{"start":{"line":197,"column":30},"end":{"line":197,"column":32}}]},"42":{"loc":{"start":{"line":197,"column":40},"end":{"line":197,"column":62}},"type":"cond-expr","locations":[{"start":{"line":197,"column":56},"end":{"line":197,"column":58}},{"start":{"line":197,"column":56},"end":{"line":197,"column":62}}]},"43":{"loc":{"start":{"line":197,"column":40},"end":{"line":197,"column":58}},"type":"binary-expr","locations":[{"start":{"line":197,"column":40},"end":{"line":197,"column":58}},{"start":{"line":197,"column":56},"end":{"line":197,"column":58}}]},"44":{"loc":{"start":{"line":198,"column":20},"end":{"line":198,"column":62}},"type":"binary-expr","locations":[{"start":{"line":198,"column":20},"end":{"line":198,"column":56}},{"start":{"line":198,"column":60},"end":{"line":198,"column":62}}]},"45":{"loc":{"start":{"line":198,"column":20},"end":{"line":198,"column":56}},"type":"cond-expr","locations":[{"start":{"line":198,"column":42},"end":{"line":198,"column":44}},{"start":{"line":198,"column":42},"end":{"line":198,"column":56}}]},"46":{"loc":{"start":{"line":198,"column":20},"end":{"line":198,"column":44}},"type":"binary-expr","locations":[{"start":{"line":198,"column":20},"end":{"line":198,"column":44}},{"start":{"line":198,"column":42},"end":{"line":198,"column":44}}]}},"s":{"0":1,"1":1,"2":1,"3":1,"4":1,"5":1,"6":3,"7":3,"8":0,"9":0,"10":0,"11":0,"12":0,"13":0,"14":0,"15":0,"16":0,"17":0,"18":0,"19":0,"20":0,"21":0,"22":0,"23":0,"24":0,"25":0,"26":0,"27":0,"28":0,"29":0,"30":0,"31":0,"32":0,"33":0,"34":0,"35":0,"36":0,"37":0,"38":0,"39":0,"40":0,"41":0,"42":0,"43":7,"44":7,"45":10,"46":10,"47":7,"48":7},"f":{"0":3,"1":0,"2":0,"3":7,"4":10},"b":{"0":[1,1],"1":[1,1],"2":[3,0],"3":[3,0],"4":[0,0],"5":[0,0],"6":[0,0],"7":[0,0],"8":[0,0],"9":[0,0,0],"10":[0,0],"11":[0,0],"12":[0,0],"13":[0,0],"14":[0,0],"15":[0,0],"16":[0,0,0],"17":[0,0],"18":[0,0],"19":[0,0],"20":[0,0],"21":[0,0],"22":[0,0],"23":[0,0],"24":[0,0],"25":[0,0],"26":[0,0],"27":[0,0],"28":[0,0],"29":[7,2],"30":[2,5],"31":[7,7],"32":[2,5],"33":[7,7],"34":[5,5],"35":[5,0],"36":[7,1],"37":[7,1],"38":[7,1],"39":[7,1,1],"40":[1,6],"41":[7,7],"42":[1,0],"43":[1,1],"44":[7,1],"45":[1,6],"46":[7,7]}}
,"/home/julien/Desktop/Free-Wiggum-opencode/projects/portfolio-website/lib/api/twitter.ts": {"path":"/home/julien/Desktop/Free-Wiggum-opencode/projects/portfolio-website/lib/api/twitter.ts","statementMap":{"0":{"start":{"line":62,"column":0},"end":{"line":62,"column":7}},"1":{"start":{"line":151,"column":0},"end":{"line":151,"column":16}},"2":{"start":{"line":1,"column":0},"end":{"line":1,"column":44}},"3":{"start":{"line":2,"column":0},"end":{"line":2,"column":32}},"4":{"start":{"line":37,"column":2},"end":{"line":39,"column":3}},"5":{"start":{"line":38,"column":4},"end":{"line":38,"column":16}},"6":{"start":{"line":42,"column":2},"end":{"line":56,"column":3}},"7":{"start":{"line":44,"column":4},"end":{"line":49,"column":7}},"8":{"start":{"line":52,"column":4},"end":{"line":55,"column":7}},"9":{"start":{"line":67,"column":2},"end":{"line":73,"column":3}},"10":{"start":{"line":68,"column":4},"end":{"line":72,"column":6}},"11":{"start":{"line":75,"column":2},"end":{"line":145,"column":3}},"12":{"start":{"line":76,"column":19},"end":{"line":76,"column":40}},"13":{"start":{"line":77,"column":4},"end":{"line":83,"column":5}},"14":{"start":{"line":78,"column":6},"end":{"line":82,"column":8}},"15":{"start":{"line":86,"column":27},"end":{"line":86,"column":42}},"16":{"start":{"line":89,"column":17},"end":{"line":89,"column":65}},"17":{"start":{"line":91,"column":4},"end":{"line":97,"column":5}},"18":{"start":{"line":92,"column":6},"end":{"line":96,"column":8}},"19":{"start":{"line":100,"column":27},"end":{"line":104,"column":6}},"20":{"start":{"line":106,"column":19},"end":{"line":106,"column":49}},"21":{"start":{"line":108,"column":4},"end":{"line":124,"column":6}},"22":{"start":{"line":117,"column":35},"end":{"line":123,"column":8}},"23":{"start":{"line":126,"column":4},"end":{"line":126,"column":47}},"24":{"start":{"line":128,"column":23},"end":{"line":128,"column":53}},"25":{"start":{"line":129,"column":4},"end":{"line":138,"column":5}},"26":{"start":{"line":130,"column":6},"end":{"line":130,"column":35}},"27":{"start":{"line":131,"column":11},"end":{"line":138,"column":5}},"28":{"start":{"line":132,"column":18},"end":{"line":132,"column":62}},"29":{"start":{"line":133,"column":6},"end":{"line":137,"column":7}},"30":{"start":{"line":134,"column":8},"end":{"line":134,"column":56}},"31":{"start":{"line":135,"column":13},"end":{"line":137,"column":7}},"32":{"start":{"line":136,"column":8},"end":{"line":136,"column":35}},"33":{"start":{"line":140,"column":4},"end":{"line":144,"column":6}},"34":{"start":{"line":155,"column":26},"end":{"line":200,"column":4}},"35":{"start":{"line":156,"column":47},"end":{"line":160,"column":6}},"36":{"start":{"line":163,"column":4},"end":{"line":169,"column":5}},"37":{"start":{"line":164,"column":6},"end":{"line":168,"column":9}},"38":{"start":{"line":172,"column":4},"end":{"line":181,"column":5}},"39":{"start":{"line":173,"column":6},"end":{"line":178,"column":8}},"40":{"start":{"line":180,"column":6},"end":{"line":180,"column":75}},"41":{"start":{"line":184,"column":4},"end":{"line":197,"column":5}},"42":{"start":{"line":185,"column":6},"end":{"line":187,"column":7}},"43":{"start":{"line":186,"column":8},"end":{"line":186,"column":69}},"44":{"start":{"line":186,"column":62},"end":{"line":186,"column":67}},"45":{"start":{"line":188,"column":6},"end":{"line":190,"column":7}},"46":{"start":{"line":189,"column":8},"end":{"line":189,"column":74}},"47":{"start":{"line":189,"column":62},"end":{"line":189,"column":72}},"48":{"start":{"line":191,"column":6},"end":{"line":196,"column":7}},"49":{"start":{"line":192,"column":8},"end":{"line":195,"column":12}},"50":{"start":{"line":192,"column":56},"end":{"line":195,"column":10}},"51":{"start":{"line":199,"column":4},"end":{"line":199,"column":21}},"52":{"start":{"line":202,"column":2},"end":{"line":211,"column":4}}},"fnMap":{"0":{"name":"createTwitterClient","decl":{"start":{"line":36,"column":9},"end":{"line":36,"column":28}},"loc":{"start":{"line":36,"column":28},"end":{"line":57,"column":1}}},"1":{"name":"getRecentTweets","decl":{"start":{"line":62,"column":22},"end":{"line":62,"column":37}},"loc":{"start":{"line":64,"column":25},"end":{"line":146,"column":1}}},"2":{"name":"(anonymous_2)","decl":{"start":{"line":117,"column":25},"end":{"line":117,"column":30}},"loc":{"start":{"line":117,"column":35},"end":{"line":123,"column":8}}},"3":{"name":"formatTweetsForDisplay","decl":{"start":{"line":151,"column":16},"end":{"line":151,"column":38}},"loc":{"start":{"line":153,"column":24},"end":{"line":212,"column":1}}},"4":{"name":"(anonymous_4)","decl":{"start":{"line":155,"column":37},"end":{"line":155,"column":42}},"loc":{"start":{"line":155,"column":45},"end":{"line":200,"column":3}}},"5":{"name":"(anonymous_5)","decl":{"start":{"line":186,"column":57},"end":{"line":186,"column":58}},"loc":{"start":{"line":186,"column":62},"end":{"line":186,"column":67}}},"6":{"name":"(anonymous_6)","decl":{"start":{"line":189,"column":57},"end":{"line":189,"column":58}},"loc":{"start":{"line":189,"column":62},"end":{"line":189,"column":72}}},"7":{"name":"(anonymous_7)","decl":{"start":{"line":192,"column":50},"end":{"line":192,"column":51}},"loc":{"start":{"line":192,"column":56},"end":{"line":195,"column":10}}}},"branchMap":{"0":{"loc":{"start":{"line":37,"column":2},"end":{"line":39,"column":3}},"type":"if","locations":[{"start":{"line":37,"column":2},"end":{"line":39,"column":3}},{"start":{},"end":{}}]},"1":{"loc":{"start":{"line":37,"column":6},"end":{"line":37,"column":53}},"type":"binary-expr","locations":[{"start":{"line":37,"column":6},"end":{"line":37,"column":26}},{"start":{"line":37,"column":30},"end":{"line":37,"column":53}}]},"2":{"loc":{"start":{"line":42,"column":2},"end":{"line":56,"column":3}},"type":"if","locations":[{"start":{"line":42,"column":2},"end":{"line":56,"column":3}},{"start":{"line":50,"column":9},"end":{"line":56,"column":3}}]},"3":{"loc":{"start":{"line":42,"column":6},"end":{"line":42,"column":59}},"type":"binary-expr","locations":[{"start":{"line":42,"column":6},"end":{"line":42,"column":30}},{"start":{"line":42,"column":34},"end":{"line":42,"column":59}}]},"4":{"loc":{"start":{"line":64,"column":2},"end":{"line":64,"column":25}},"type":"default-arg","locations":[{"start":{"line":64,"column":23},"end":{"line":64,"column":25}}]},"5":{"loc":{"start":{"line":67,"column":2},"end":{"line":73,"column":3}},"type":"if","locations":[{"start":{"line":67,"column":2},"end":{"line":73,"column":3}},{"start":{},"end":{}}]},"6":{"loc":{"start":{"line":67,"column":6},"end":{"line":67,"column":53}},"type":"binary-expr","locations":[{"start":{"line":67,"column":6},"end":{"line":67,"column":26}},{"start":{"line":67,"column":30},"end":{"line":67,"column":53}}]},"7":{"loc":{"start":{"line":77,"column":4},"end":{"line":83,"column":5}},"type":"if","locations":[{"start":{"line":77,"column":4},"end":{"line":83,"column":5}},{"start":{},"end":{}}]},"8":{"loc":{"start":{"line":91,"column":4},"end":{"line":97,"column":5}},"type":"if","locations":[{"start":{"line":91,"column":4},"end":{"line":97,"column":5}},{"start":{},"end":{}}]},"9":{"loc":{"start":{"line":106,"column":19},"end":{"line":106,"column":49}},"type":"binary-expr","locations":[{"start":{"line":106,"column":19},"end":{"line":106,"column":43}},{"start":{"line":106,"column":47},"end":{"line":106,"column":49}}]},"10":{"loc":{"start":{"line":120,"column":20},"end":{"line":120,"column":49}},"type":"binary-expr","locations":[{"start":{"line":120,"column":20},"end":{"line":120,"column":36}},{"start":{"line":120,"column":40},"end":{"line":120,"column":49}}]},"11":{"loc":{"start":{"line":122,"column":18},"end":{"line":122,"column":73}},"type":"binary-expr","locations":[{"start":{"line":122,"column":18},"end":{"line":122,"column":60}},{"start":{"line":122,"column":64},"end":{"line":122,"column":73}}]},"12":{"loc":{"start":{"line":129,"column":4},"end":{"line":138,"column":5}},"type":"if","locations":[{"start":{"line":129,"column":4},"end":{"line":138,"column":5}},{"start":{"line":131,"column":11},"end":{"line":138,"column":5}}]},"13":{"loc":{"start":{"line":131,"column":11},"end":{"line":138,"column":5}},"type":"if","locations":[{"start":{"line":131,"column":11},"end":{"line":138,"column":5}},{"start":{},"end":{}}]},"14":{"loc":{"start":{"line":131,"column":15},"end":{"line":131,"column":58}},"type":"binary-expr","locations":[{"start":{"line":131,"column":15},"end":{"line":131,"column":40}},{"start":{"line":131,"column":44},"end":{"line":131,"column":58}}]},"15":{"loc":{"start":{"line":133,"column":6},"end":{"line":137,"column":7}},"type":"if","locations":[{"start":{"line":133,"column":6},"end":{"line":137,"column":7}},{"start":{"line":135,"column":13},"end":{"line":137,"column":7}}]},"16":{"loc":{"start":{"line":135,"column":13},"end":{"line":137,"column":7}},"type":"if","locations":[{"start":{"line":135,"column":13},"end":{"line":137,"column":7}},{"start":{},"end":{}}]},"17":{"loc":{"start":{"line":163,"column":4},"end":{"line":169,"column":5}},"type":"if","locations":[{"start":{"line":163,"column":4},"end":{"line":169,"column":5}},{"start":{},"end":{}}]},"18":{"loc":{"start":{"line":172,"column":4},"end":{"line":181,"column":5}},"type":"if","locations":[{"start":{"line":172,"column":4},"end":{"line":181,"column":5}},{"start":{"line":179,"column":11},"end":{"line":181,"column":5}}]},"19":{"loc":{"start":{"line":174,"column":18},"end":{"line":174,"column":57}},"type":"binary-expr","locations":[{"start":{"line":174,"column":18},"end":{"line":174,"column":52}},{"start":{"line":174,"column":56},"end":{"line":174,"column":57}}]},"20":{"loc":{"start":{"line":175,"column":17},"end":{"line":175,"column":54}},"type":"binary-expr","locations":[{"start":{"line":175,"column":17},"end":{"line":175,"column":49}},{"start":{"line":175,"column":53},"end":{"line":175,"column":54}}]},"21":{"loc":{"start":{"line":176,"column":15},"end":{"line":176,"column":51}},"type":"binary-expr","locations":[{"start":{"line":176,"column":15},"end":{"line":176,"column":46}},{"start":{"line":176,"column":50},"end":{"line":176,"column":51}}]},"22":{"loc":{"start":{"line":177,"column":16},"end":{"line":177,"column":53}},"type":"binary-expr","locations":[{"start":{"line":177,"column":16},"end":{"line":177,"column":48}},{"start":{"line":177,"column":52},"end":{"line":177,"column":53}}]},"23":{"loc":{"start":{"line":184,"column":4},"end":{"line":197,"column":5}},"type":"if","locations":[{"start":{"line":184,"column":4},"end":{"line":197,"column":5}},{"start":{},"end":{}}]},"24":{"loc":{"start":{"line":185,"column":6},"end":{"line":187,"column":7}},"type":"if","locations":[{"start":{"line":185,"column":6},"end":{"line":187,"column":7}},{"start":{},"end":{}}]},"25":{"loc":{"start":{"line":185,"column":10},"end":{"line":185,"column":71}},"type":"binary-expr","locations":[{"start":{"line":185,"column":10},"end":{"line":185,"column":33}},{"start":{"line":185,"column":37},"end":{"line":185,"column":71}}]},"26":{"loc":{"start":{"line":188,"column":6},"end":{"line":190,"column":7}},"type":"if","locations":[{"start":{"line":188,"column":6},"end":{"line":190,"column":7}},{"start":{},"end":{}}]},"27":{"loc":{"start":{"line":188,"column":10},"end":{"line":188,"column":71}},"type":"binary-expr","locations":[{"start":{"line":188,"column":10},"end":{"line":188,"column":33}},{"start":{"line":188,"column":37},"end":{"line":188,"column":71}}]},"28":{"loc":{"start":{"line":191,"column":6},"end":{"line":196,"column":7}},"type":"if","locations":[{"start":{"line":191,"column":6},"end":{"line":196,"column":7}},{"start":{},"end":{}}]},"29":{"loc":{"start":{"line":191,"column":10},"end":{"line":191,"column":63}},"type":"binary-expr","locations":[{"start":{"line":191,"column":10},"end":{"line":191,"column":29}},{"start":{"line":191,"column":33},"end":{"line":191,"column":63}}]}},"s":{"0":1,"1":1,"2":1,"3":1,"4":0,"5":0,"6":0,"7":0,"8":0,"9":6,"10":6,"11":0,"12":0,"13":0,"14":0,"15":0,"16":0,"17":0,"18":0,"19":0,"20":0,"21":0,"22":0,"23":0,"24":0,"25":0,"26":0,"27":0,"28":0,"29":0,"30":0,"31":0,"32":0,"33":0,"34":9,"35":17,"36":17,"37":16,"38":17,"39":8,"40":9,"41":17,"42":8,"43":8,"44":8,"45":8,"46":8,"47":8,"48":8,"49":8,"50":8,"51":17,"52":9},"f":{"0":0,"1":6,"2":0,"3":9,"4":17,"5":8,"6":8,"7":8},"b":{"0":[0,0],"1":[0,0],"2":[0,0],"3":[0,0],"4":[4],"5":[6,0],"6":[6,0],"7":[0,0],"8":[0,0],"9":[0,0],"10":[0,0],"11":[0,0],"12":[0,0],"13":[0,0],"14":[0,0],"15":[0,0],"16":[0,0],"17":[16,1],"18":[8,9],"19":[8,0],"20":[8,0],"21":[8,0],"22":[8,0],"23":[8,9],"24":[8,0],"25":[8,8],"26":[8,0],"27":[8,8],"28":[8,0],"29":[8,8]}}
,"/home/julien/Desktop/Free-Wiggum-opencode/projects/portfolio-website/lib/terminal/parser.ts": {"path":"/home/julien/Desktop/Free-Wiggum-opencode/projects/portfolio-website/lib/terminal/parser.ts","statementMap":{"0":{"start":{"line":13,"column":10},"end":{"line":13,"column":89}},"1":{"start":{"line":16,"column":4},"end":{"line":16,"column":25}},"2":{"start":{"line":17,"column":4},"end":{"line":17,"column":28}},"3":{"start":{"line":17,"column":16},"end":{"line":17,"column":28}},"4":{"start":{"line":20,"column":17},"end":{"line":20,"column":38}},"5":{"start":{"line":21,"column":20},"end":{"line":21,"column":48}},"6":{"start":{"line":23,"column":4},"end":{"line":25,"column":5}},"7":{"start":{"line":24,"column":6},"end":{"line":24,"column":54}},"8":{"start":{"line":27,"column":4},"end":{"line":27,"column":56}},"9":{"start":{"line":31,"column":27},"end":{"line":31,"column":29}},"10":{"start":{"line":32,"column":18},"end":{"line":32,"column":20}},"11":{"start":{"line":33,"column":19},"end":{"line":33,"column":24}},"12":{"start":{"line":34,"column":20},"end":{"line":34,"column":22}},"13":{"start":{"line":36,"column":4},"end":{"line":56,"column":5}},"14":{"start":{"line":36,"column":17},"end":{"line":36,"column":18}},"15":{"start":{"line":37,"column":19},"end":{"line":37,"column":27}},"16":{"start":{"line":39,"column":6},"end":{"line":55,"column":7}},"17":{"start":{"line":40,"column":8},"end":{"line":47,"column":9}},"18":{"start":{"line":41,"column":10},"end":{"line":41,"column":26}},"19":{"start":{"line":42,"column":10},"end":{"line":42,"column":27}},"20":{"start":{"line":43,"column":15},"end":{"line":47,"column":9}},"21":{"start":{"line":44,"column":10},"end":{"line":44,"column":27}},"22":{"start":{"line":46,"column":10},"end":{"line":46,"column":26}},"23":{"start":{"line":48,"column":13},"end":{"line":55,"column":7}},"24":{"start":{"line":49,"column":8},"end":{"line":52,"column":9}},"25":{"start":{"line":50,"column":10},"end":{"line":50,"column":29}},"26":{"start":{"line":51,"column":10},"end":{"line":51,"column":23}},"27":{"start":{"line":54,"column":8},"end":{"line":54,"column":24}},"28":{"start":{"line":58,"column":4},"end":{"line":60,"column":5}},"29":{"start":{"line":59,"column":6},"end":{"line":59,"column":25}},"30":{"start":{"line":62,"column":4},"end":{"line":62,"column":16}},"31":{"start":{"line":66,"column":4},"end":{"line":66,"column":30}},"32":{"start":{"line":70,"column":16},"end":{"line":70,"column":63}},"33":{"start":{"line":71,"column":4},"end":{"line":71,"column":39}},"34":{"start":{"line":12,"column":0},"end":{"line":12,"column":13}},"35":{"start":{"line":75,"column":13},"end":{"line":75,"column":42}}},"fnMap":{"0":{"name":"(anonymous_0)","decl":{"start":{"line":12,"column":0},"end":{"line":12,"column":13}},"loc":{"start":{"line":12,"column":0},"end":{"line":73,"column":1}}},"1":{"name":"(anonymous_1)","decl":{"start":{"line":15,"column":2},"end":{"line":15,"column":7}},"loc":{"start":{"line":15,"column":21},"end":{"line":28,"column":3}}},"2":{"name":"(anonymous_2)","decl":{"start":{"line":30,"column":10},"end":{"line":30,"column":19}},"loc":{"start":{"line":30,"column":33},"end":{"line":63,"column":3}}},"3":{"name":"(anonymous_3)","decl":{"start":{"line":65,"column":2},"end":{"line":65,"column":13}},"loc":{"start":{"line":65,"column":13},"end":{"line":67,"column":3}}},"4":{"name":"(anonymous_4)","decl":{"start":{"line":69,"column":2},"end":{"line":69,"column":11}},"loc":{"start":{"line":69,"column":25},"end":{"line":72,"column":3}}}},"branchMap":{"0":{"loc":{"start":{"line":17,"column":4},"end":{"line":17,"column":28}},"type":"if","locations":[{"start":{"line":17,"column":4},"end":{"line":17,"column":28}},{"start":{},"end":{}}]},"1":{"loc":{"start":{"line":21,"column":20},"end":{"line":21,"column":48}},"type":"binary-expr","locations":[{"start":{"line":21,"column":20},"end":{"line":21,"column":42}},{"start":{"line":21,"column":46},"end":{"line":21,"column":48}}]},"2":{"loc":{"start":{"line":21,"column":20},"end":{"line":21,"column":42}},"type":"cond-expr","locations":[{"start":{"line":21,"column":27},"end":{"line":21,"column":29}},{"start":{"line":21,"column":27},"end":{"line":21,"column":42}}]},"3":{"loc":{"start":{"line":21,"column":20},"end":{"line":21,"column":29}},"type":"binary-expr","locations":[{"start":{"line":21,"column":20},"end":{"line":21,"column":29}},{"start":{"line":21,"column":27},"end":{"line":21,"column":29}}]},"4":{"loc":{"start":{"line":23,"column":4},"end":{"line":25,"column":5}},"type":"if","locations":[{"start":{"line":23,"column":4},"end":{"line":25,"column":5}},{"start":{},"end":{}}]},"5":{"loc":{"start":{"line":39,"column":6},"end":{"line":55,"column":7}},"type":"if","locations":[{"start":{"line":39,"column":6},"end":{"line":55,"column":7}},{"start":{"line":48,"column":13},"end":{"line":55,"column":7}}]},"6":{"loc":{"start":{"line":39,"column":10},"end":{"line":39,"column":75}},"type":"binary-expr","locations":[{"start":{"line":39,"column":11},"end":{"line":39,"column":23}},{"start":{"line":39,"column":27},"end":{"line":39,"column":39}},{"start":{"line":39,"column":44},"end":{"line":39,"column":75}}]},"7":{"loc":{"start":{"line":39,"column":46},"end":{"line":39,"column":74}},"type":"binary-expr","locations":[{"start":{"line":39,"column":46},"end":{"line":39,"column":51}},{"start":{"line":39,"column":55},"end":{"line":39,"column":74}}]},"8":{"loc":{"start":{"line":40,"column":8},"end":{"line":47,"column":9}},"type":"if","locations":[{"start":{"line":40,"column":8},"end":{"line":47,"column":9}},{"start":{"line":43,"column":15},"end":{"line":47,"column":9}}]},"9":{"loc":{"start":{"line":43,"column":15},"end":{"line":47,"column":9}},"type":"if","locations":[{"start":{"line":43,"column":15},"end":{"line":47,"column":9}},{"start":{"line":45,"column":15},"end":{"line":47,"column":9}}]},"10":{"loc":{"start":{"line":48,"column":13},"end":{"line":55,"column":7}},"type":"if","locations":[{"start":{"line":48,"column":13},"end":{"line":55,"column":7}},{"start":{"line":53,"column":13},"end":{"line":55,"column":7}}]},"11":{"loc":{"start":{"line":48,"column":17},"end":{"line":48,"column":42}},"type":"binary-expr","locations":[{"start":{"line":48,"column":17},"end":{"line":48,"column":29}},{"start":{"line":48,"column":33},"end":{"line":48,"column":42}}]},"12":{"loc":{"start":{"line":49,"column":8},"end":{"line":52,"column":9}},"type":"if","locations":[{"start":{"line":49,"column":8},"end":{"line":52,"column":9}},{"start":{},"end":{}}]},"13":{"loc":{"start":{"line":58,"column":4},"end":{"line":60,"column":5}},"type":"if","locations":[{"start":{"line":58,"column":4},"end":{"line":60,"column":5}},{"start":{},"end":{}}]},"14":{"loc":{"start":{"line":70,"column":16},"end":{"line":70,"column":63}},"type":"binary-expr","locations":[{"start":{"line":70,"column":16},"end":{"line":70,"column":57}},{"start":{"line":70,"column":61},"end":{"line":70,"column":63}}]},"15":{"loc":{"start":{"line":70,"column":16},"end":{"line":70,"column":57}},"type":"cond-expr","locations":[{"start":{"line":70,"column":42},"end":{"line":70,"column":44}},{"start":{"line":70,"column":42},"end":{"line":70,"column":57}}]},"16":{"loc":{"start":{"line":70,"column":16},"end":{"line":70,"column":44}},"type":"binary-expr","locations":[{"start":{"line":70,"column":16},"end":{"line":70,"column":44}},{"start":{"line":70,"column":42},"end":{"line":70,"column":44}}]}},"s":{"0":40,"1":27,"2":27,"3":2,"4":25,"5":25,"6":25,"7":1,"8":24,"9":36,"10":36,"11":36,"12":36,"13":36,"14":36,"15":507,"16":507,"17":26,"18":13,"19":13,"20":13,"21":13,"22":0,"23":481,"24":60,"25":41,"26":41,"27":421,"28":36,"29":33,"30":36,"31":3,"32":16,"33":16,"34":1,"35":1},"f":{"0":40,"1":27,"2":36,"3":3,"4":16},"b":{"0":[2,25],"1":[25,0],"2":[0,25],"3":[25,25],"4":[1,24],"5":[26,481],"6":[507,483,28],"7":[28,27],"8":[13,13],"9":[13,0],"10":[60,421],"11":[481,81],"12":[41,19],"13":[33,3],"14":[16,2],"15":[0,16],"16":[16,16]}}
,"/home/julien/Desktop/Free-Wiggum-opencode/projects/portfolio-website/lib/terminal/trie.ts": {"path":"/home/julien/Desktop/Free-Wiggum-opencode/projects/portfolio-website/lib/terminal/trie.ts","statementMap":{"0":{"start":{"line":154,"column":0},"end":{"line":154,"column":16}},"1":{"start":{"line":11,"column":4},"end":{"line":11,"column":30}},"2":{"start":{"line":12,"column":4},"end":{"line":12,"column":29}},"3":{"start":{"line":6,"column":0},"end":{"line":6,"column":13}},"4":{"start":{"line":20,"column":4},"end":{"line":20,"column":31}},"5":{"start":{"line":24,"column":15},"end":{"line":24,"column":24}},"6":{"start":{"line":25,"column":4},"end":{"line":30,"column":5}},"7":{"start":{"line":26,"column":6},"end":{"line":28,"column":7}},"8":{"start":{"line":27,"column":8},"end":{"line":27,"column":48}},"9":{"start":{"line":29,"column":6},"end":{"line":29,"column":38}},"10":{"start":{"line":31,"column":4},"end":{"line":31,"column":28}},"11":{"start":{"line":35,"column":15},"end":{"line":35,"column":24}},"12":{"start":{"line":36,"column":4},"end":{"line":41,"column":5}},"13":{"start":{"line":37,"column":6},"end":{"line":39,"column":7}},"14":{"start":{"line":38,"column":8},"end":{"line":38,"column":21}},"15":{"start":{"line":40,"column":6},"end":{"line":40,"column":38}},"16":{"start":{"line":42,"column":4},"end":{"line":42,"column":28}},"17":{"start":{"line":46,"column":15},"end":{"line":46,"column":24}},"18":{"start":{"line":47,"column":4},"end":{"line":52,"column":5}},"19":{"start":{"line":48,"column":6},"end":{"line":50,"column":7}},"20":{"start":{"line":49,"column":8},"end":{"line":49,"column":20}},"21":{"start":{"line":51,"column":6},"end":{"line":51,"column":38}},"22":{"start":{"line":53,"column":4},"end":{"line":53,"column":16}},"23":{"start":{"line":57,"column":28},"end":{"line":57,"column":30}},"24":{"start":{"line":59,"column":4},"end":{"line":67,"column":5}},"25":{"start":{"line":61,"column":6},"end":{"line":61,"column":49}},"26":{"start":{"line":63,"column":19},"end":{"line":63,"column":42}},"27":{"start":{"line":64,"column":6},"end":{"line":66,"column":7}},"28":{"start":{"line":65,"column":8},"end":{"line":65,"column":50}},"29":{"start":{"line":69,"column":4},"end":{"line":69,"column":17}},"30":{"start":{"line":73,"column":4},"end":{"line":75,"column":5}},"31":{"start":{"line":74,"column":6},"end":{"line":74,"column":32}},"32":{"start":{"line":77,"column":4},"end":{"line":79,"column":5}},"33":{"start":{"line":78,"column":6},"end":{"line":78,"column":63}},"34":{"start":{"line":83,"column":24},"end":{"line":83,"column":44}},"35":{"start":{"line":84,"column":17},"end":{"line":84,"column":45}},"36":{"start":{"line":85,"column":4},"end":{"line":87,"column":5}},"37":{"start":{"line":86,"column":6},"end":{"line":86,"column":16}},"38":{"start":{"line":89,"column":34},"end":{"line":89,"column":36}},"39":{"start":{"line":90,"column":4},"end":{"line":90,"column":57}},"40":{"start":{"line":91,"column":4},"end":{"line":91,"column":23}},"41":{"start":{"line":95,"column":4},"end":{"line":95,"column":38}},"42":{"start":{"line":95,"column":28},"end":{"line":95,"column":38}},"43":{"start":{"line":97,"column":4},"end":{"line":97,"column":44}},"44":{"start":{"line":97,"column":28},"end":{"line":97,"column":44}},"45":{"start":{"line":100,"column":19},"end":{"line":100,"column":36}},"46":{"start":{"line":101,"column":18},"end":{"line":101,"column":27}},"47":{"start":{"line":102,"column":17},"end":{"line":102,"column":42}},"48":{"start":{"line":104,"column":12},"end":{"line":104,"column":13}},"49":{"start":{"line":105,"column":4},"end":{"line":107,"column":5}},"50":{"start":{"line":106,"column":6},"end":{"line":106,"column":10}},"51":{"start":{"line":109,"column":4},"end":{"line":109,"column":33}},"52":{"start":{"line":118,"column":24},"end":{"line":118,"column":52}},"53":{"start":{"line":120,"column":4},"end":{"line":122,"column":5}},"54":{"start":{"line":121,"column":6},"end":{"line":121,"column":18}},"55":{"start":{"line":124,"column":4},"end":{"line":130,"column":5}},"56":{"start":{"line":126,"column":6},"end":{"line":129,"column":8}},"57":{"start":{"line":133,"column":25},"end":{"line":133,"column":66}},"58":{"start":{"line":136,"column":4},"end":{"line":141,"column":5}},"59":{"start":{"line":137,"column":6},"end":{"line":140,"column":8}},"60":{"start":{"line":144,"column":4},"end":{"line":147,"column":6}},"61":{"start":{"line":16,"column":0},"end":{"line":16,"column":13}},"62":{"start":{"line":158,"column":15},"end":{"line":158,"column":25}},"63":{"start":{"line":161,"column":2},"end":{"line":163,"column":3}},"64":{"start":{"line":162,"column":4},"end":{"line":162,"column":21}},"65":{"start":{"line":166,"column":2},"end":{"line":172,"column":3}},"66":{"start":{"line":167,"column":4},"end":{"line":167,"column":25}},"67":{"start":{"line":169,"column":4},"end":{"line":171,"column":5}},"68":{"start":{"line":170,"column":6},"end":{"line":170,"column":40}},"69":{"start":{"line":174,"column":2},"end":{"line":174,"column":14}}},"fnMap":{"0":{"name":"(anonymous_0)","decl":{"start":{"line":10,"column":2},"end":{"line":10,"column":null}},"loc":{"start":{"line":10,"column":2},"end":{"line":13,"column":3}}},"1":{"name":"(anonymous_1)","decl":{"start":{"line":19,"column":2},"end":{"line":19,"column":null}},"loc":{"start":{"line":19,"column":2},"end":{"line":21,"column":3}}},"2":{"name":"(anonymous_2)","decl":{"start":{"line":23,"column":2},"end":{"line":23,"column":8}},"loc":{"start":{"line":23,"column":21},"end":{"line":32,"column":3}}},"3":{"name":"(anonymous_3)","decl":{"start":{"line":34,"column":2},"end":{"line":34,"column":8}},"loc":{"start":{"line":34,"column":21},"end":{"line":43,"column":3}}},"4":{"name":"(anonymous_4)","decl":{"start":{"line":45,"column":2},"end":{"line":45,"column":12}},"loc":{"start":{"line":45,"column":27},"end":{"line":54,"column":3}}},"5":{"name":"(anonymous_5)","decl":{"start":{"line":56,"column":2},"end":{"line":56,"column":13}},"loc":{"start":{"line":56,"column":33},"end":{"line":70,"column":3}}},"6":{"name":"(anonymous_6)","decl":{"start":{"line":72,"column":10},"end":{"line":72,"column":25}},"loc":{"start":{"line":72,"column":80},"end":{"line":80,"column":3}}},"7":{"name":"(anonymous_7)","decl":{"start":{"line":82,"column":2},"end":{"line":82,"column":16}},"loc":{"start":{"line":82,"column":31},"end":{"line":92,"column":3}}},"8":{"name":"(anonymous_8)","decl":{"start":{"line":94,"column":2},"end":{"line":94,"column":25}},"loc":{"start":{"line":94,"column":41},"end":{"line":110,"column":3}}},"9":{"name":"(anonymous_9)","decl":{"start":{"line":117,"column":2},"end":{"line":117,"column":10}},"loc":{"start":{"line":117,"column":26},"end":{"line":148,"column":3}}},"10":{"name":"createCompletionTrie","decl":{"start":{"line":154,"column":16},"end":{"line":154,"column":36}},"loc":{"start":{"line":156,"column":26},"end":{"line":175,"column":1}}}},"branchMap":{"0":{"loc":{"start":{"line":26,"column":6},"end":{"line":28,"column":7}},"type":"if","locations":[{"start":{"line":26,"column":6},"end":{"line":28,"column":7}},{"start":{},"end":{}}]},"1":{"loc":{"start":{"line":37,"column":6},"end":{"line":39,"column":7}},"type":"if","locations":[{"start":{"line":37,"column":6},"end":{"line":39,"column":7}},{"start":{},"end":{}}]},"2":{"loc":{"start":{"line":48,"column":6},"end":{"line":50,"column":7}},"type":"if","locations":[{"start":{"line":48,"column":6},"end":{"line":50,"column":7}},{"start":{},"end":{}}]},"3":{"loc":{"start":{"line":56,"column":14},"end":{"line":56,"column":33}},"type":"default-arg","locations":[{"start":{"line":56,"column":31},"end":{"line":56,"column":33}}]},"4":{"loc":{"start":{"line":59,"column":4},"end":{"line":67,"column":5}},"type":"if","locations":[{"start":{"line":59,"column":4},"end":{"line":67,"column":5}},{"start":{"line":62,"column":11},"end":{"line":67,"column":5}}]},"5":{"loc":{"start":{"line":64,"column":6},"end":{"line":66,"column":7}},"type":"if","locations":[{"start":{"line":64,"column":6},"end":{"line":66,"column":7}},{"start":{},"end":{}}]},"6":{"loc":{"start":{"line":73,"column":4},"end":{"line":75,"column":5}},"type":"if","locations":[{"start":{"line":73,"column":4},"end":{"line":75,"column":5}},{"start":{},"end":{}}]},"7":{"loc":{"start":{"line":85,"column":4},"end":{"line":87,"column":5}},"type":"if","locations":[{"start":{"line":85,"column":4},"end":{"line":87,"column":5}},{"start":{},"end":{}}]},"8":{"loc":{"start":{"line":95,"column":4},"end":{"line":95,"column":38}},"type":"if","locations":[{"start":{"line":95,"column":4},"end":{"line":95,"column":38}},{"start":{},"end":{}}]},"9":{"loc":{"start":{"line":97,"column":4},"end":{"line":97,"column":44}},"type":"if","locations":[{"start":{"line":97,"column":4},"end":{"line":97,"column":44}},{"start":{},"end":{}}]},"10":{"loc":{"start":{"line":105,"column":11},"end":{"line":105,"column":70}},"type":"binary-expr","locations":[{"start":{"line":105,"column":11},"end":{"line":105,"column":27}},{"start":{"line":105,"column":31},"end":{"line":105,"column":46}},{"start":{"line":105,"column":50},"end":{"line":105,"column":70}}]},"11":{"loc":{"start":{"line":120,"column":4},"end":{"line":122,"column":5}},"type":"if","locations":[{"start":{"line":120,"column":4},"end":{"line":122,"column":5}},{"start":{},"end":{}}]},"12":{"loc":{"start":{"line":124,"column":4},"end":{"line":130,"column":5}},"type":"if","locations":[{"start":{"line":124,"column":4},"end":{"line":130,"column":5}},{"start":{},"end":{}}]},"13":{"loc":{"start":{"line":136,"column":4},"end":{"line":141,"column":5}},"type":"if","locations":[{"start":{"line":136,"column":4},"end":{"line":141,"column":5}},{"start":{},"end":{}}]},"14":{"loc":{"start":{"line":156,"column":2},"end":{"line":156,"column":26}},"type":"default-arg","locations":[{"start":{"line":156,"column":24},"end":{"line":156,"column":26}}]},"15":{"loc":{"start":{"line":169,"column":4},"end":{"line":171,"column":5}},"type":"if","locations":[{"start":{"line":169,"column":4},"end":{"line":171,"column":5}},{"start":{},"end":{}}]}},"s":{"0":1,"1":542,"2":542,"3":1,"4":21,"5":127,"6":127,"7":800,"8":521,"9":800,"10":127,"11":33,"12":33,"13":184,"14":3,"15":181,"16":30,"17":14,"18":14,"19":23,"20":4,"21":19,"22":10,"23":1,"24":1,"25":1,"26":0,"27":0,"28":0,"29":1,"30":84,"31":20,"32":84,"33":73,"34":14,"35":14,"36":14,"37":4,"38":10,"39":10,"40":10,"41":6,"42":0,"43":6,"44":0,"45":6,"46":6,"47":6,"48":6,"49":6,"50":27,"51":6,"52":5,"53":5,"54":1,"55":4,"56":2,"57":2,"58":2,"59":2,"60":0,"61":1,"62":4,"63":4,"64":9,"65":4,"66":6,"67":6,"68":6,"69":4},"f":{"0":542,"1":21,"2":127,"3":33,"4":14,"5":1,"6":84,"7":14,"8":6,"9":5,"10":4},"b":{"0":[521,279],"1":[3,181],"2":[4,19],"3":[1],"4":[1,0],"5":[0,0],"6":[20,64],"7":[4,10],"8":[0,6],"9":[0,6],"10":[33,29,29],"11":[1,4],"12":[2,2],"13":[2,0],"14":[1],"15":[6,0]}}
}
