TN:
SF:lib/env.ts
FNF:0
FNH:0
DA:1,2
DA:3,2
DA:19,2
LF:3
LH:3
BRF:0
BRH:0
end_of_record
TN:
SF:lib/api/linkedin.ts
FN:63,getLinkedInProfile
FN:156,getLocalizedName
FN:167,getProfilePicture
FN:178,formatProfileForDisplay
FN:181,(anonymous_5)
FNF:5
FNH:3
FNDA:3,getLinkedInProfile
FNDA:0,getLocalizedName
FNDA:0,getProfilePicture
FNDA:7,formatProfileForDisplay
FNDA:10,(anonymous_5)
DA:1,1
DA:2,1
DA:3,1
DA:43,1
DA:63,1
DA:65,3
DA:66,3
DA:73,0
DA:74,0
DA:81,0
DA:83,0
DA:86,0
DA:90,0
DA:92,0
DA:93,0
DA:101,0
DA:110,0
DA:111,0
DA:115,0
DA:118,0
DA:130,0
DA:135,0
DA:137,0
DA:138,0
DA:139,0
DA:140,0
DA:141,0
DA:142,0
DA:145,0
DA:157,0
DA:158,0
DA:159,0
DA:160,0
DA:161,0
DA:168,0
DA:169,0
DA:170,0
DA:171,0
DA:172,0
DA:178,1
DA:179,7
DA:181,7
DA:182,10
DA:187,10
DA:190,7
DA:192,7
LF:46
LH:14
BRDA:45,0,0,1
BRDA:45,0,1,1
BRDA:46,1,0,1
BRDA:46,1,1,1
BRDA:65,2,0,3
BRDA:65,2,1,0
BRDA:65,3,0,3
BRDA:65,3,1,0
BRDA:73,4,0,0
BRDA:73,4,1,0
BRDA:92,5,0,0
BRDA:92,5,1,0
BRDA:92,6,0,0
BRDA:92,6,1,0
BRDA:138,7,0,0
BRDA:138,7,1,0
BRDA:140,8,0,0
BRDA:140,8,1,0
BRDA:140,9,0,0
BRDA:140,9,1,0
BRDA:140,9,2,0
BRDA:142,10,0,0
BRDA:142,10,1,0
BRDA:142,11,0,0
BRDA:142,11,1,0
BRDA:142,12,0,0
BRDA:142,12,1,0
BRDA:157,13,0,0
BRDA:157,13,1,0
BRDA:158,14,0,0
BRDA:158,14,1,0
BRDA:159,15,0,0
BRDA:159,15,1,0
BRDA:161,16,0,0
BRDA:161,16,1,0
BRDA:161,16,2,0
BRDA:169,17,0,0
BRDA:169,17,1,0
BRDA:170,18,0,0
BRDA:170,18,1,0
BRDA:170,19,0,0
BRDA:170,19,1,0
BRDA:171,20,0,0
BRDA:171,20,1,0
BRDA:171,21,0,0
BRDA:171,21,1,0
BRDA:171,22,0,0
BRDA:171,22,1,0
BRDA:172,23,0,0
BRDA:172,23,1,0
BRDA:172,24,0,0
BRDA:172,24,1,0
BRDA:172,25,0,0
BRDA:172,25,1,0
BRDA:172,26,0,0
BRDA:172,26,1,0
BRDA:172,27,0,0
BRDA:172,27,1,0
BRDA:172,28,0,0
BRDA:172,28,1,0
BRDA:181,29,0,7
BRDA:181,29,1,2
BRDA:181,30,0,2
BRDA:181,30,1,5
BRDA:181,31,0,7
BRDA:181,31,1,7
BRDA:181,32,0,2
BRDA:181,32,1,5
BRDA:181,33,0,7
BRDA:181,33,1,7
BRDA:182,34,0,5
BRDA:182,34,1,5
BRDA:184,35,0,5
BRDA:184,35,1,0
BRDA:194,36,0,7
BRDA:194,36,1,1
BRDA:195,37,0,7
BRDA:195,37,1,1
BRDA:196,38,0,7
BRDA:196,38,1,1
BRDA:197,39,0,7
BRDA:197,39,1,1
BRDA:197,39,2,1
BRDA:197,40,0,1
BRDA:197,40,1,6
BRDA:197,41,0,7
BRDA:197,41,1,7
BRDA:197,42,0,1
BRDA:197,42,1,0
BRDA:197,43,0,1
BRDA:197,43,1,1
BRDA:198,44,0,7
BRDA:198,44,1,1
BRDA:198,45,0,1
BRDA:198,45,1,6
BRDA:198,46,0,7
BRDA:198,46,1,7
BRF:97
BRH:41
end_of_record
TN:
SF:lib/api/twitter.ts
FN:36,createTwitterClient
FN:62,getRecentTweets
FN:117,(anonymous_2)
FN:151,formatTweetsForDisplay
FN:155,(anonymous_4)
FN:186,(anonymous_5)
FN:189,(anonymous_6)
FN:192,(anonymous_7)
FNF:8
FNH:6
FNDA:0,createTwitterClient
FNDA:6,getRecentTweets
FNDA:0,(anonymous_2)
FNDA:9,formatTweetsForDisplay
FNDA:17,(anonymous_4)
FNDA:8,(anonymous_5)
FNDA:8,(anonymous_6)
FNDA:8,(anonymous_7)
DA:1,1
DA:2,1
DA:37,0
DA:38,0
DA:42,0
DA:44,0
DA:52,0
DA:62,1
DA:67,6
DA:68,6
DA:75,0
DA:76,0
DA:77,0
DA:78,0
DA:86,0
DA:89,0
DA:91,0
DA:92,0
DA:100,0
DA:106,0
DA:108,0
DA:117,0
DA:126,0
DA:128,0
DA:129,0
DA:130,0
DA:131,0
DA:132,0
DA:133,0
DA:134,0
DA:135,0
DA:136,0
DA:140,0
DA:151,1
DA:155,9
DA:156,17
DA:163,17
DA:164,16
DA:172,17
DA:173,8
DA:180,9
DA:184,17
DA:185,8
DA:186,8
DA:188,8
DA:189,8
DA:191,8
DA:192,8
DA:199,17
DA:202,9
LF:50
LH:22
BRDA:37,0,0,0
BRDA:37,0,1,0
BRDA:37,1,0,0
BRDA:37,1,1,0
BRDA:42,2,0,0
BRDA:42,2,1,0
BRDA:42,3,0,0
BRDA:42,3,1,0
BRDA:64,4,0,4
BRDA:67,5,0,6
BRDA:67,5,1,0
BRDA:67,6,0,6
BRDA:67,6,1,0
BRDA:77,7,0,0
BRDA:77,7,1,0
BRDA:91,8,0,0
BRDA:91,8,1,0
BRDA:106,9,0,0
BRDA:106,9,1,0
BRDA:120,10,0,0
BRDA:120,10,1,0
BRDA:122,11,0,0
BRDA:122,11,1,0
BRDA:129,12,0,0
BRDA:129,12,1,0
BRDA:131,13,0,0
BRDA:131,13,1,0
BRDA:131,14,0,0
BRDA:131,14,1,0
BRDA:133,15,0,0
BRDA:133,15,1,0
BRDA:135,16,0,0
BRDA:135,16,1,0
BRDA:163,17,0,16
BRDA:163,17,1,1
BRDA:172,18,0,8
BRDA:172,18,1,9
BRDA:174,19,0,8
BRDA:174,19,1,0
BRDA:175,20,0,8
BRDA:175,20,1,0
BRDA:176,21,0,8
BRDA:176,21,1,0
BRDA:177,22,0,8
BRDA:177,22,1,0
BRDA:184,23,0,8
BRDA:184,23,1,9
BRDA:185,24,0,8
BRDA:185,24,1,0
BRDA:185,25,0,8
BRDA:185,25,1,8
BRDA:188,26,0,8
BRDA:188,26,1,0
BRDA:188,27,0,8
BRDA:188,27,1,8
BRDA:191,28,0,8
BRDA:191,28,1,0
BRDA:191,29,0,8
BRDA:191,29,1,8
BRF:59
BRH:22
end_of_record
TN:
SF:lib/terminal/parser.ts
FN:12,(anonymous_0)
FN:15,(anonymous_1)
FN:30,(anonymous_2)
FN:65,(anonymous_3)
FN:69,(anonymous_4)
FNF:5
FNH:5
FNDA:40,(anonymous_0)
FNDA:27,(anonymous_1)
FNDA:36,(anonymous_2)
FNDA:3,(anonymous_3)
FNDA:16,(anonymous_4)
DA:12,1
DA:13,40
DA:16,27
DA:17,27
DA:20,25
DA:21,25
DA:23,25
DA:24,1
DA:27,24
DA:31,36
DA:32,36
DA:33,36
DA:34,36
DA:36,36
DA:37,507
DA:39,507
DA:40,26
DA:41,13
DA:42,13
DA:43,13
DA:44,13
DA:46,0
DA:48,481
DA:49,60
DA:50,41
DA:51,41
DA:54,421
DA:58,36
DA:59,33
DA:62,36
DA:66,3
DA:70,16
DA:71,16
DA:75,1
LF:34
LH:33
BRDA:17,0,0,2
BRDA:17,0,1,25
BRDA:21,1,0,25
BRDA:21,1,1,0
BRDA:21,2,0,0
BRDA:21,2,1,25
BRDA:21,3,0,25
BRDA:21,3,1,25
BRDA:23,4,0,1
BRDA:23,4,1,24
BRDA:39,5,0,26
BRDA:39,5,1,481
BRDA:39,6,0,507
BRDA:39,6,1,483
BRDA:39,6,2,28
BRDA:39,7,0,28
BRDA:39,7,1,27
BRDA:40,8,0,13
BRDA:40,8,1,13
BRDA:43,9,0,13
BRDA:43,9,1,0
BRDA:48,10,0,60
BRDA:48,10,1,421
BRDA:48,11,0,481
BRDA:48,11,1,81
BRDA:49,12,0,41
BRDA:49,12,1,19
BRDA:58,13,0,33
BRDA:58,13,1,3
BRDA:70,14,0,16
BRDA:70,14,1,2
BRDA:70,15,0,0
BRDA:70,15,1,16
BRDA:70,16,0,16
BRDA:70,16,1,16
BRF:35
BRH:31
end_of_record
TN:
SF:lib/terminal/trie.ts
FN:10,(anonymous_0)
FN:19,(anonymous_1)
FN:23,(anonymous_2)
FN:34,(anonymous_3)
FN:45,(anonymous_4)
FN:56,(anonymous_5)
FN:72,(anonymous_6)
FN:82,(anonymous_7)
FN:94,(anonymous_8)
FN:117,(anonymous_9)
FN:154,createCompletionTrie
FNF:11
FNH:11
FNDA:542,(anonymous_0)
FNDA:21,(anonymous_1)
FNDA:127,(anonymous_2)
FNDA:33,(anonymous_3)
FNDA:14,(anonymous_4)
FNDA:1,(anonymous_5)
FNDA:84,(anonymous_6)
FNDA:14,(anonymous_7)
FNDA:6,(anonymous_8)
FNDA:5,(anonymous_9)
FNDA:4,createCompletionTrie
DA:6,1
DA:11,542
DA:12,542
DA:16,1
DA:20,21
DA:24,127
DA:25,127
DA:26,800
DA:27,521
DA:29,800
DA:31,127
DA:35,33
DA:36,33
DA:37,184
DA:38,3
DA:40,181
DA:42,30
DA:46,14
DA:47,14
DA:48,23
DA:49,4
DA:51,19
DA:53,10
DA:57,1
DA:59,1
DA:61,1
DA:63,0
DA:64,0
DA:65,0
DA:69,1
DA:73,84
DA:74,20
DA:77,84
DA:78,73
DA:83,14
DA:84,14
DA:85,14
DA:86,4
DA:89,10
DA:90,10
DA:91,10
DA:95,6
DA:97,6
DA:100,6
DA:101,6
DA:102,6
DA:104,6
DA:105,6
DA:106,27
DA:109,6
DA:118,5
DA:120,5
DA:121,1
DA:124,4
DA:126,2
DA:133,2
DA:136,2
DA:137,2
DA:144,0
DA:154,1
DA:158,4
DA:161,4
DA:162,9
DA:166,4
DA:167,6
DA:169,6
DA:170,6
DA:174,4
LF:68
LH:64
BRDA:26,0,0,521
BRDA:26,0,1,279
BRDA:37,1,0,3
BRDA:37,1,1,181
BRDA:48,2,0,4
BRDA:48,2,1,19
BRDA:56,3,0,1
BRDA:59,4,0,1
BRDA:59,4,1,0
BRDA:64,5,0,0
BRDA:64,5,1,0
BRDA:73,6,0,20
BRDA:73,6,1,64
BRDA:85,7,0,4
BRDA:85,7,1,10
BRDA:95,8,0,0
BRDA:95,8,1,6
BRDA:97,9,0,0
BRDA:97,9,1,6
BRDA:105,10,0,33
BRDA:105,10,1,29
BRDA:105,10,2,29
BRDA:120,11,0,1
BRDA:120,11,1,4
BRDA:124,12,0,2
BRDA:124,12,1,2
BRDA:136,13,0,2
BRDA:136,13,1,0
BRDA:156,14,0,1
BRDA:169,15,0,6
BRDA:169,15,1,0
BRF:31
BRH:24
end_of_record
